{"level":"info","message":"Calculator microservice running on port 3000","service":"calculator-microservice","timestamp":"2025-03-28T06:10:11.589Z"}
{"level":"error","message":"404 - Not Found - /add?num1=5&num2=3","service":"calculator-microservice","timestamp":"2025-03-28T06:16:03.740Z"}
{"level":"info","message":"::1 - - [28/Mar/2025:06:16:03 +0000] \"GET /add?num1=5&num2=3 HTTP/1.1\" 404 21 \"-\" \"Mozilla/5.0 (Windows NT 10.0; Win64; x64) AppleWebKit/537.36 (KHTML, like Gecko) Chrome/134.0.0.0 Safari/537.36 Edg/134.0.0.0\"","service":"calculator-microservice","timestamp":"2025-03-28T06:16:03.754Z"}
{"level":"error","message":"404 - Not Found - /favicon.ico","service":"calculator-microservice","timestamp":"2025-03-28T06:16:03.798Z"}
{"level":"info","message":"::1 - - [28/Mar/2025:06:16:03 +0000] \"GET /favicon.ico HTTP/1.1\" 404 21 \"http://localhost:3000/add?num1=5&num2=3\" \"Mozilla/5.0 (Windows NT 10.0; Win64; x64) AppleWebKit/537.36 (KHTML, like Gecko) Chrome/134.0.0.0 Safari/537.36 Edg/134.0.0.0\"","service":"calculator-microservice","timestamp":"2025-03-28T06:16:03.801Z"}
{"level":"error","message":"404 - Not Found - /add?num1=5&num2=3","service":"calculator-microservice","timestamp":"2025-03-28T06:16:35.054Z"}
{"level":"info","message":"::1 - - [28/Mar/2025:06:16:35 +0000] \"GET /add?num1=5&num2=3 HTTP/1.1\" 404 21 \"-\" \"Mozilla/5.0 (Windows NT; Windows NT 10.0; en-AU) WindowsPowerShell/5.1.26100.2161\"","service":"calculator-microservice","timestamp":"2025-03-28T06:16:35.056Z"}
{"level":"info","message":"New add operation requested: 5 add 3 = 8","service":"calculator-microservice","timestamp":"2025-03-28T06:19:19.122Z"}
{"level":"info","message":"::1 - - [28/Mar/2025:06:19:19 +0000] \"GET /api/add?num1=5&num2=3 HTTP/1.1\" 200 48 \"-\" \"Mozilla/5.0 (Windows NT; Windows NT 10.0; en-AU) WindowsPowerShell/5.1.26100.2161\"","service":"calculator-microservice","timestamp":"2025-03-28T06:19:19.124Z"}
{"level":"info","message":"Calculator microservice running on port 3000","service":"calculator-microservice","timestamp":"2025-03-28T06:38:26.869Z"}
{"level":"info","message":"New add operation requested: 20 add 3 = 23","service":"calculator-microservice","timestamp":"2025-03-28T06:39:01.563Z"}
{"level":"info","message":"::1 - - [28/Mar/2025:06:39:01 +0000] \"GET /api/add?num1=20&num2=3 HTTP/1.1\" 200 50 \"-\" \"Mozilla/5.0 (Windows NT; Windows NT 10.0; en-AU) WindowsPowerShell/5.1.26100.2161\"","service":"calculator-microservice","timestamp":"2025-03-28T06:39:01.571Z"}
{"level":"info","message":"New subtract operation requested: 20 subtract 3 = 17","service":"calculator-microservice","timestamp":"2025-03-28T06:39:40.498Z"}
{"level":"info","message":"::1 - - [28/Mar/2025:06:39:40 +0000] \"GET /api/subtract?num1=20&num2=3 HTTP/1.1\" 200 55 \"-\" \"Mozilla/5.0 (Windows NT; Windows NT 10.0; en-AU) WindowsPowerShell/5.1.26100.2161\"","service":"calculator-microservice","timestamp":"2025-03-28T06:39:40.500Z"}
{"level":"info","message":"New multiply operation requested: 20 multiply 3 = 60","service":"calculator-microservice","timestamp":"2025-03-28T06:39:54.572Z"}
{"level":"info","message":"::1 - - [28/Mar/2025:06:39:54 +0000] \"GET /api/multiply?num1=20&num2=3 HTTP/1.1\" 200 55 \"-\" \"Mozilla/5.0 (Windows NT; Windows NT 10.0; en-AU) WindowsPowerShell/5.1.26100.2161\"","service":"calculator-microservice","timestamp":"2025-03-28T06:39:54.573Z"}
{"level":"info","message":"New divide operation requested: 20 divide 3 = 6.666666666666667","service":"calculator-microservice","timestamp":"2025-03-28T06:40:05.155Z"}
{"level":"info","message":"::1 - - [28/Mar/2025:06:40:05 +0000] \"GET /api/divide?num1=20&num2=3 HTTP/1.1\" 200 68 \"-\" \"Mozilla/5.0 (Windows NT; Windows NT 10.0; en-AU) WindowsPowerShell/5.1.26100.2161\"","service":"calculator-microservice","timestamp":"2025-03-28T06:40:05.157Z"}
{"level":"info","message":"::1 - - [28/Mar/2025:06:40:35 +0000] \"GET /index.html?vscodeBrowserReqId=1743144035309 HTTP/1.1\" 200 1561 \"-\" \"Mozilla/5.0 (Windows NT 10.0; Win64; x64) AppleWebKit/537.36 (KHTML, like Gecko) Code/1.98.2 Chrome/132.0.6834.196 Electron/34.2.0 Safari/537.36\"","service":"calculator-microservice","timestamp":"2025-03-28T06:40:35.364Z"}
{"level":"info","message":"New add operation requested: 2 add 10 = 12","service":"calculator-microservice","timestamp":"2025-03-28T06:40:44.894Z"}
{"level":"info","message":"::1 - - [28/Mar/2025:06:40:44 +0000] \"GET /api/add?num1=2&num2=10 HTTP/1.1\" 200 50 \"http://localhost:3000/index.html?vscodeBrowserReqId=1743144035309\" \"Mozilla/5.0 (Windows NT 10.0; Win64; x64) AppleWebKit/537.36 (KHTML, like Gecko) Code/1.98.2 Chrome/132.0.6834.196 Electron/34.2.0 Safari/537.36\"","service":"calculator-microservice","timestamp":"2025-03-28T06:40:44.897Z"}
{"level":"info","message":"::1 - - [28/Mar/2025:06:41:12 +0000] \"GET /index.html HTTP/1.1\" 200 1561 \"-\" \"Mozilla/5.0 (Windows NT 10.0; Win64; x64) AppleWebKit/537.36 (KHTML, like Gecko) Chrome/134.0.0.0 Safari/537.36 Edg/134.0.0.0\"","service":"calculator-microservice","timestamp":"2025-03-28T06:41:12.022Z"}
{"level":"info","message":"New add operation requested: 2 add 19 = 21","service":"calculator-microservice","timestamp":"2025-03-28T06:41:19.415Z"}
{"level":"info","message":"::1 - - [28/Mar/2025:06:41:19 +0000] \"GET /api/add?num1=2&num2=19 HTTP/1.1\" 200 50 \"http://localhost:3000/index.html\" \"Mozilla/5.0 (Windows NT 10.0; Win64; x64) AppleWebKit/537.36 (KHTML, like Gecko) Chrome/134.0.0.0 Safari/537.36 Edg/134.0.0.0\"","service":"calculator-microservice","timestamp":"2025-03-28T06:41:19.416Z"}
{"level":"info","message":"::1 - - [28/Mar/2025:06:41:52 +0000] \"GET /index.html HTTP/1.1\" 200 1561 \"-\" \"Mozilla/5.0 (Windows NT 10.0; Win64; x64) AppleWebKit/537.36 (KHTML, like Gecko) Chrome/134.0.0.0 Safari/537.36\"","service":"calculator-microservice","timestamp":"2025-03-28T06:41:52.378Z"}
{"level":"error","message":"404 - Not Found - /favicon.ico","service":"calculator-microservice","timestamp":"2025-03-28T06:41:53.298Z"}
{"level":"info","message":"::1 - - [28/Mar/2025:06:41:53 +0000] \"GET /favicon.ico HTTP/1.1\" 404 21 \"http://localhost:3000/index.html\" \"Mozilla/5.0 (Windows NT 10.0; Win64; x64) AppleWebKit/537.36 (KHTML, like Gecko) Chrome/134.0.0.0 Safari/537.36\"","service":"calculator-microservice","timestamp":"2025-03-28T06:41:53.300Z"}
{"level":"info","message":"New add operation requested: 3 add 19 = 22","service":"calculator-microservice","timestamp":"2025-03-28T06:42:13.569Z"}
{"level":"info","message":"::1 - - [28/Mar/2025:06:42:13 +0000] \"GET /api/add?num1=3&num2=19 HTTP/1.1\" 200 50 \"http://localhost:3000/index.html\" \"Mozilla/5.0 (Windows NT 10.0; Win64; x64) AppleWebKit/537.36 (KHTML, like Gecko) Chrome/134.0.0.0 Safari/537.36\"","service":"calculator-microservice","timestamp":"2025-03-28T06:42:13.573Z"}
{"level":"info","message":"Calculator microservice running on port 3000","service":"calculator-microservice","timestamp":"2025-03-28T06:46:21.882Z"}
{"level":"error","message":"404 - Not Found - /index.ht?vscodeBrowserReqId=1743144396138","service":"calculator-microservice","timestamp":"2025-03-28T06:46:36.180Z"}
{"level":"info","message":"::1 - - [28/Mar/2025:06:46:36 +0000] \"GET /index.ht?vscodeBrowserReqId=1743144396138 HTTP/1.1\" 404 21 \"-\" \"Mozilla/5.0 (Windows NT 10.0; Win64; x64) AppleWebKit/537.36 (KHTML, like Gecko) Code/1.98.2 Chrome/132.0.6834.196 Electron/34.2.0 Safari/537.36\"","service":"calculator-microservice","timestamp":"2025-03-28T06:46:36.188Z"}
{"level":"error","message":"404 - Not Found - /api?vscodeBrowserReqId=1743144429168","service":"calculator-microservice","timestamp":"2025-03-28T06:47:09.177Z"}
{"level":"info","message":"::1 - - [28/Mar/2025:06:47:09 +0000] \"GET /api?vscodeBrowserReqId=1743144429168 HTTP/1.1\" 404 21 \"-\" \"Mozilla/5.0 (Windows NT 10.0; Win64; x64) AppleWebKit/537.36 (KHTML, like Gecko) Code/1.98.2 Chrome/132.0.6834.196 Electron/34.2.0 Safari/537.36\"","service":"calculator-microservice","timestamp":"2025-03-28T06:47:09.179Z"}
{"level":"error","message":"404 - Not Found - /api/?vscodeBrowserReqId=1743144442867","service":"calculator-microservice","timestamp":"2025-03-28T06:47:22.876Z"}
{"level":"info","message":"::1 - - [28/Mar/2025:06:47:22 +0000] \"GET /api/?vscodeBrowserReqId=1743144442867 HTTP/1.1\" 404 21 \"-\" \"Mozilla/5.0 (Windows NT 10.0; Win64; x64) AppleWebKit/537.36 (KHTML, like Gecko) Code/1.98.2 Chrome/132.0.6834.196 Electron/34.2.0 Safari/537.36\"","service":"calculator-microservice","timestamp":"2025-03-28T06:47:22.879Z"}
{"level":"info","message":"Calculator microservice running on port 3000","service":"calculator-microservice","timestamp":"2025-03-28T06:49:18.950Z"}
{"level":"info","message":"New divide operation requested: 20 divide 3 = 6.666666666666667","service":"calculator-microservice","timestamp":"2025-03-28T06:49:38.361Z"}
{"level":"info","message":"::1 - - [28/Mar/2025:06:49:38 +0000] \"GET /api/divide?num1=20&num2=3 HTTP/1.1\" 200 68 \"-\" \"Mozilla/5.0 (Windows NT; Windows NT 10.0; en-AU) WindowsPowerShell/5.1.26100.2161\"","service":"calculator-microservice","timestamp":"2025-03-28T06:49:38.368Z"}
{"level":"info","message":"::1 - - [28/Mar/2025:06:49:48 +0000] \"GET /index.html HTTP/1.1\" 200 1561 \"-\" \"Mozilla/5.0 (Windows NT 10.0; Win64; x64) AppleWebKit/537.36 (KHTML, like Gecko) Chrome/134.0.0.0 Safari/537.36\"","service":"calculator-microservice","timestamp":"2025-03-28T06:49:48.787Z"}
{"level":"info","message":"New divide operation requested: 20 divide 3 = 6.666666666666667","service":"calculator-microservice","timestamp":"2025-03-28T06:50:06.931Z"}
{"level":"info","message":"::1 - - [28/Mar/2025:06:50:06 +0000] \"GET /api/divide?num1=20&num2=3 HTTP/1.1\" 200 68 \"-\" \"Mozilla/5.0 (Windows NT 10.0; Win64; x64) AppleWebKit/537.36 (KHTML, like Gecko) Chrome/134.0.0.0 Safari/537.36\"","service":"calculator-microservice","timestamp":"2025-03-28T06:50:06.933Z"}
{"level":"info","message":"Calculator microservice running on port 5000","service":"calculator-microservice","timestamp":"2025-03-28T13:25:56.629Z"}
{"level":"info","message":"Calculator microservice running on port 5000","service":"calculator-microservice","timestamp":"2025-03-28T13:27:18.684Z"}
{"level":"info","message":"Calculator microservice running on port 5000","service":"calculator-microservice","timestamp":"2025-03-28T13:34:15.261Z"}
{"level":"info","message":"Calculator microservice running on port 3000","service":"calculator-microservice","timestamp":"2025-03-28T13:38:29.196Z"}
{"level":"info","message":"New add operation requested: 5 add 3 = 8","service":"calculator-microservice","timestamp":"2025-03-28T13:39:01.729Z"}
{"level":"info","message":"::1 - - [28/Mar/2025:13:39:01 +0000] \"GET /api/add?num1=5&num2=3 HTTP/1.1\" 200 48 \"-\" \"Mozilla/5.0 (Windows NT; Windows NT 10.0; en-AU) WindowsPowerShell/5.1.26100.2161\"","service":"calculator-microservice","timestamp":"2025-03-28T13:39:01.739Z"}
{"level":"info","message":"New add operation requested: -5 add -3 = -8","service":"calculator-microservice","timestamp":"2025-03-28T13:40:52.681Z"}
{"level":"info","message":"::1 - - [28/Mar/2025:13:40:52 +0000] \"GET /api/add?num1=-5&num2=-3 HTTP/1.1\" 200 51 \"-\" \"Mozilla/5.0 (Windows NT; Windows NT 10.0; en-AU) WindowsPowerShell/5.1.26100.2161\"","service":"calculator-microservice","timestamp":"2025-03-28T13:40:52.683Z"}
{"level":"error","message":"404 - Not Found - /api/multiplication?num1=-5&num2=-3","service":"calculator-microservice","timestamp":"2025-03-28T13:42:12.960Z"}
{"level":"info","message":"::1 - - [28/Mar/2025:13:42:12 +0000] \"GET /api/multiplication?num1=-5&num2=-3 HTTP/1.1\" 404 21 \"-\" \"Mozilla/5.0 (Windows NT; Windows NT 10.0; en-AU) WindowsPowerShell/5.1.26100.2161\"","service":"calculator-microservice","timestamp":"2025-03-28T13:42:12.965Z"}
{"level":"info","message":"New add operation requested: 5 add 3 = 8","service":"calculator-microservice","timestamp":"2025-03-28T13:43:01.431Z"}
{"level":"info","message":"::1 - - [28/Mar/2025:13:43:01 +0000] \"GET /api/add?num1=5&num2=3 HTTP/1.1\" 200 48 \"-\" \"Mozilla/5.0 (Windows NT; Windows NT 10.0; en-AU) WindowsPowerShell/5.1.26100.2161\"","service":"calculator-microservice","timestamp":"2025-03-28T13:43:01.433Z"}
{"level":"error","message":"404 - Not Found - /api/division?num1=5&num2=3","service":"calculator-microservice","timestamp":"2025-03-28T13:43:18.249Z"}
{"level":"info","message":"::1 - - [28/Mar/2025:13:43:18 +0000] \"GET /api/division?num1=5&num2=3 HTTP/1.1\" 404 21 \"-\" \"Mozilla/5.0 (Windows NT; Windows NT 10.0; en-AU) WindowsPowerShell/5.1.26100.2161\"","service":"calculator-microservice","timestamp":"2025-03-28T13:43:18.251Z"}
{"level":"error","message":"404 - Not Found - /api/Dvision?num1=5&num2=3","service":"calculator-microservice","timestamp":"2025-03-28T13:43:30.049Z"}
{"level":"info","message":"::1 - - [28/Mar/2025:13:43:30 +0000] \"GET /api/Dvision?num1=5&num2=3 HTTP/1.1\" 404 21 \"-\" \"Mozilla/5.0 (Windows NT; Windows NT 10.0; en-AU) WindowsPowerShell/5.1.26100.2161\"","service":"calculator-microservice","timestamp":"2025-03-28T13:43:30.050Z"}
{"level":"error","message":"404 - Not Found - /api/Division?num1=5&num2=3","service":"calculator-microservice","timestamp":"2025-03-28T13:43:43.363Z"}
{"level":"info","message":"::1 - - [28/Mar/2025:13:43:43 +0000] \"GET /api/Division?num1=5&num2=3 HTTP/1.1\" 404 21 \"-\" \"Mozilla/5.0 (Windows NT; Windows NT 10.0; en-AU) WindowsPowerShell/5.1.26100.2161\"","service":"calculator-microservice","timestamp":"2025-03-28T13:43:43.365Z"}
{"level":"error","message":"404 - Not Found - /api/division?num1=5&num2=3","service":"calculator-microservice","timestamp":"2025-03-28T13:43:58.083Z"}
{"level":"info","message":"::1 - - [28/Mar/2025:13:43:58 +0000] \"GET /api/division?num1=5&num2=3 HTTP/1.1\" 404 21 \"-\" \"Mozilla/5.0 (Windows NT; Windows NT 10.0; en-AU) WindowsPowerShell/5.1.26100.2161\"","service":"calculator-microservice","timestamp":"2025-03-28T13:43:58.084Z"}
{"level":"info","message":"New divide operation requested: 5 divide 3 = 1.6666666666666667","service":"calculator-microservice","timestamp":"2025-03-28T13:44:09.414Z"}
{"level":"info","message":"::1 - - [28/Mar/2025:13:44:09 +0000] \"GET /api/divide?num1=5&num2=3 HTTP/1.1\" 200 68 \"-\" \"Mozilla/5.0 (Windows NT; Windows NT 10.0; en-AU) WindowsPowerShell/5.1.26100.2161\"","service":"calculator-microservice","timestamp":"2025-03-28T13:44:09.415Z"}
{"level":"info","message":"New multiply operation requested: 5 multiply 3 = 15","service":"calculator-microservice","timestamp":"2025-03-28T13:44:46.137Z"}
{"level":"info","message":"::1 - - [28/Mar/2025:13:44:46 +0000] \"GET /api/multiply?num1=5&num2=3 HTTP/1.1\" 200 54 \"-\" \"Mozilla/5.0 (Windows NT; Windows NT 10.0; en-AU) WindowsPowerShell/5.1.26100.2161\"","service":"calculator-microservice","timestamp":"2025-03-28T13:44:46.138Z"}
{"level":"info","message":"New divide operation requested: 5 divide 3 = 1.6666666666666667","service":"calculator-microservice","timestamp":"2025-03-28T13:45:51.642Z"}
{"level":"info","message":"::1 - - [28/Mar/2025:13:45:51 +0000] \"GET /api/divide?num1=5&num2=3 HTTP/1.1\" 200 68 \"-\" \"Mozilla/5.0 (Windows NT; Windows NT 10.0; en-AU) WindowsPowerShell/5.1.26100.2161\"","service":"calculator-microservice","timestamp":"2025-03-28T13:45:51.644Z"}
{"level":"error","message":"Error in divide: Division by zero is not allowed","service":"calculator-microservice","timestamp":"2025-03-28T13:47:12.214Z"}
{"level":"info","message":"::1 - - [28/Mar/2025:13:47:12 +0000] \"GET /api/divide?num1=5&num2=0 HTTP/1.1\" 400 43 \"-\" \"Mozilla/5.0 (Windows NT; Windows NT 10.0; en-AU) WindowsPowerShell/5.1.26100.2161\"","service":"calculator-microservice","timestamp":"2025-03-28T13:47:12.219Z"}
{"level":"error","message":"Error in divide: Invalid input parameters. Please provide valid numbers.","service":"calculator-microservice","timestamp":"2025-03-28T13:48:18.255Z"}
{"level":"info","message":"::1 - - [28/Mar/2025:13:48:18 +0000] \"GET /api/divide?num1=5&num2=k HTTP/1.1\" 400 67 \"-\" \"Mozilla/5.0 (Windows NT; Windows NT 10.0; en-AU) WindowsPowerShell/5.1.26100.2161\"","service":"calculator-microservice","timestamp":"2025-03-28T13:48:18.256Z"}
{"level":"info","message":"New multiply operation requested: 5 multiply 3 = 15","service":"calculator-microservice","timestamp":"2025-03-28T13:51:47.069Z"}
{"level":"info","message":"::1 - - [28/Mar/2025:13:51:47 +0000] \"GET /api/multiply?num1=5&num2=3 HTTP/1.1\" 200 54 \"-\" \"Mozilla/5.0 (Windows NT; Windows NT 10.0; en-AU) WindowsPowerShell/5.1.26100.2161\"","service":"calculator-microservice","timestamp":"2025-03-28T13:51:47.070Z"}
